[2016-12-19T09:15:39,609][INFO ][o.e.n.Node               ] [] initializing ...
[2016-12-19T09:15:39,738][INFO ][o.e.e.NodeEnvironment    ] [KJl1g7A] using [1] data paths, mounts [[/ (/dev/disk1)]], net usable_space [67.9gb], net total_space [111.8gb], spins? [unknown], types [hfs]
[2016-12-19T09:15:39,738][INFO ][o.e.e.NodeEnvironment    ] [KJl1g7A] heap size [1.9gb], compressed ordinary object pointers [true]
[2016-12-19T09:15:39,742][INFO ][o.e.n.Node               ] node name [KJl1g7A] derived from node ID [KJl1g7AxQjy_QN8mon-GiQ]; set [node.name] to override
[2016-12-19T09:15:39,749][INFO ][o.e.n.Node               ] version[5.1.1], pid[81318], build[5395e21/2016-12-06T12:36:15.409Z], OS[Mac OS X/10.12.1/x86_64], JVM[Oracle Corporation/Java HotSpot(TM) 64-Bit Server VM/1.8.0_111/25.111-b14]
[2016-12-19T09:15:41,204][INFO ][o.e.p.PluginsService     ] [KJl1g7A] loaded module [aggs-matrix-stats]
[2016-12-19T09:15:41,204][INFO ][o.e.p.PluginsService     ] [KJl1g7A] loaded module [ingest-common]
[2016-12-19T09:15:41,205][INFO ][o.e.p.PluginsService     ] [KJl1g7A] loaded module [lang-expression]
[2016-12-19T09:15:41,205][INFO ][o.e.p.PluginsService     ] [KJl1g7A] loaded module [lang-groovy]
[2016-12-19T09:15:41,205][INFO ][o.e.p.PluginsService     ] [KJl1g7A] loaded module [lang-mustache]
[2016-12-19T09:15:41,205][INFO ][o.e.p.PluginsService     ] [KJl1g7A] loaded module [lang-painless]
[2016-12-19T09:15:41,205][INFO ][o.e.p.PluginsService     ] [KJl1g7A] loaded module [percolator]
[2016-12-19T09:15:41,205][INFO ][o.e.p.PluginsService     ] [KJl1g7A] loaded module [reindex]
[2016-12-19T09:15:41,205][INFO ][o.e.p.PluginsService     ] [KJl1g7A] loaded module [transport-netty3]
[2016-12-19T09:15:41,206][INFO ][o.e.p.PluginsService     ] [KJl1g7A] loaded module [transport-netty4]
[2016-12-19T09:15:41,206][INFO ][o.e.p.PluginsService     ] [KJl1g7A] no plugins loaded
[2016-12-19T09:15:44,324][INFO ][o.e.n.Node               ] initialized
[2016-12-19T09:15:44,324][INFO ][o.e.n.Node               ] [KJl1g7A] starting ...
[2016-12-19T09:15:49,548][INFO ][o.e.t.TransportService   ] [KJl1g7A] publish_address {127.0.0.1:9300}, bound_addresses {[fe80::1]:9300}, {[::1]:9300}, {127.0.0.1:9300}
[2016-12-19T09:15:52,627][INFO ][o.e.c.s.ClusterService   ] [KJl1g7A] new_master {KJl1g7A}{KJl1g7AxQjy_QN8mon-GiQ}{9bCHdIV-T-qpNkUJo4s-vw}{127.0.0.1}{127.0.0.1:9300}, reason: zen-disco-elected-as-master ([0] nodes joined)
[2016-12-19T09:15:52,657][INFO ][o.e.h.HttpServer         ] [KJl1g7A] publish_address {127.0.0.1:9200}, bound_addresses {[fe80::1]:9200}, {[::1]:9200}, {127.0.0.1:9200}
[2016-12-19T09:15:52,658][INFO ][o.e.n.Node               ] [KJl1g7A] started
[2016-12-19T09:15:52,669][INFO ][o.e.g.GatewayService     ] [KJl1g7A] recovered [0] indices into cluster_state
[2016-12-19T09:31:33,245][INFO ][o.e.c.m.MetaDataCreateIndexService] [KJl1g7A] [.kibana] creating index, cause [api], templates [], shards [1]/[1], mappings [server, config]
[2016-12-19T09:32:42,667][INFO ][o.e.c.m.MetaDataMappingService] [KJl1g7A] [.kibana/eqlN0q3HQ1SuUcuov_BI2w] create_mapping [index-pattern]
[2016-12-19T09:45:26,563][INFO ][o.e.m.j.JvmGcMonitorService] [KJl1g7A] [gc][1713] overhead, spent [310ms] collecting in the last [1.1s]
[2016-12-19T09:54:52,010][INFO ][o.e.c.m.MetaDataCreateIndexService] [KJl1g7A] [shakespeare] creating index, cause [api], templates [], shards [5]/[1], mappings [_default_]
[2016-12-19T09:55:35,466][INFO ][o.e.c.m.MetaDataCreateIndexService] [KJl1g7A] [logstash-2015.05.18] creating index, cause [api], templates [], shards [5]/[1], mappings [log]
[2016-12-19T09:56:07,666][INFO ][o.e.c.m.MetaDataCreateIndexService] [KJl1g7A] [logstash-2015.05.19] creating index, cause [api], templates [], shards [5]/[1], mappings [log]
[2016-12-19T09:56:19,471][INFO ][o.e.c.m.MetaDataCreateIndexService] [KJl1g7A] [logstash-2015.05.20] creating index, cause [api], templates [], shards [5]/[1], mappings [log]
[2016-12-19T09:58:35,358][INFO ][o.e.c.m.MetaDataCreateIndexService] [KJl1g7A] [bank] creating index, cause [auto(bulk api)], templates [], shards [5]/[1], mappings []
[2016-12-19T09:58:35,485][INFO ][o.e.c.m.MetaDataMappingService] [KJl1g7A] [bank/nUs-lZXWSkS3RxhLd5VaaQ] create_mapping [account]
[2016-12-19T09:58:37,845][INFO ][o.e.c.m.MetaDataMappingService] [KJl1g7A] [shakespeare/fvWqRTrGTViKi982EbDJfQ] create_mapping [line]
[2016-12-19T09:58:37,852][INFO ][o.e.c.m.MetaDataMappingService] [KJl1g7A] [shakespeare/fvWqRTrGTViKi982EbDJfQ] create_mapping [act]
[2016-12-19T09:58:37,901][INFO ][o.e.c.m.MetaDataMappingService] [KJl1g7A] [shakespeare/fvWqRTrGTViKi982EbDJfQ] create_mapping [scene]
[2016-12-19T09:58:52,115][INFO ][o.e.m.j.JvmGcMonitorService] [KJl1g7A] [gc][2516] overhead, spent [330ms] collecting in the last [1s]
[2016-12-19T09:58:52,352][INFO ][o.e.c.m.MetaDataMappingService] [KJl1g7A] [logstash-2015.05.18/YrcMabIYR0aQ41uRYEi1Eg] update_mapping [log]
[2016-12-19T09:58:52,363][INFO ][o.e.c.m.MetaDataMappingService] [KJl1g7A] [logstash-2015.05.19/FTmNJrhJRNiIcEfBiY4_EQ] update_mapping [log]
[2016-12-19T09:58:52,398][INFO ][o.e.c.m.MetaDataMappingService] [KJl1g7A] [logstash-2015.05.18/YrcMabIYR0aQ41uRYEi1Eg] update_mapping [log]
[2016-12-19T09:58:52,444][INFO ][o.e.c.m.MetaDataMappingService] [KJl1g7A] [logstash-2015.05.19/FTmNJrhJRNiIcEfBiY4_EQ] update_mapping [log]
[2016-12-19T09:58:52,855][INFO ][o.e.c.m.MetaDataMappingService] [KJl1g7A] [logstash-2015.05.19/FTmNJrhJRNiIcEfBiY4_EQ] update_mapping [log]
[2016-12-19T09:58:56,339][INFO ][o.e.c.m.MetaDataMappingService] [KJl1g7A] [logstash-2015.05.20/ODzljJSvRAKtmRN7UlicBw] update_mapping [log]
[2016-12-19T09:58:56,360][INFO ][o.e.c.m.MetaDataMappingService] [KJl1g7A] [logstash-2015.05.20/ODzljJSvRAKtmRN7UlicBw] update_mapping [log]
[2016-12-19T09:58:56,512][INFO ][o.e.c.m.MetaDataMappingService] [KJl1g7A] [logstash-2015.05.20/ODzljJSvRAKtmRN7UlicBw] update_mapping [log]
[2016-12-19T10:12:21,617][INFO ][o.e.c.m.MetaDataMappingService] [KJl1g7A] [.kibana/eqlN0q3HQ1SuUcuov_BI2w] update_mapping [config]
[2016-12-19T10:13:48,604][INFO ][o.e.c.m.MetaDataMappingService] [KJl1g7A] [.kibana/eqlN0q3HQ1SuUcuov_BI2w] create_mapping [search]
[2016-12-19T10:13:53,312][INFO ][o.e.c.m.MetaDataMappingService] [KJl1g7A] [.kibana/eqlN0q3HQ1SuUcuov_BI2w] update_mapping [config]
[2016-12-19T10:14:12,732][INFO ][o.e.c.m.MetaDataMappingService] [KJl1g7A] [.kibana/eqlN0q3HQ1SuUcuov_BI2w] create_mapping [visualization]
[2016-12-19T10:52:00,321][INFO ][o.e.c.m.MetaDataMappingService] [KJl1g7A] [.kibana/eqlN0q3HQ1SuUcuov_BI2w] create_mapping [dashboard]
[2016-12-19T10:52:41,295][INFO ][o.e.c.m.MetaDataMappingService] [KJl1g7A] [.kibana/eqlN0q3HQ1SuUcuov_BI2w] create_mapping [timelion-sheet]
[2016-12-19T11:10:49,123][INFO ][o.e.n.Node               ] [KJl1g7A] stopping ...
[2016-12-19T11:10:49,201][INFO ][o.e.n.Node               ] [KJl1g7A] stopped
[2016-12-19T11:10:49,202][INFO ][o.e.n.Node               ] [KJl1g7A] closing ...
[2016-12-19T11:10:49,222][INFO ][o.e.n.Node               ] [KJl1g7A] closed
[2016-12-19T14:09:13,420][INFO ][o.e.n.Node               ] [] initializing ...
[2016-12-19T14:09:13,529][INFO ][o.e.e.NodeEnvironment    ] [KJl1g7A] using [1] data paths, mounts [[/ (/dev/disk1)]], net usable_space [66.7gb], net total_space [111.8gb], spins? [unknown], types [hfs]
[2016-12-19T14:09:13,529][INFO ][o.e.e.NodeEnvironment    ] [KJl1g7A] heap size [1.9gb], compressed ordinary object pointers [true]
[2016-12-19T14:09:13,603][INFO ][o.e.n.Node               ] node name [KJl1g7A] derived from node ID [KJl1g7AxQjy_QN8mon-GiQ]; set [node.name] to override
[2016-12-19T14:09:13,608][INFO ][o.e.n.Node               ] version[5.1.1], pid[89551], build[5395e21/2016-12-06T12:36:15.409Z], OS[Mac OS X/10.12.1/x86_64], JVM[Oracle Corporation/Java HotSpot(TM) 64-Bit Server VM/1.8.0_111/25.111-b14]
[2016-12-19T14:09:15,070][INFO ][o.e.p.PluginsService     ] [KJl1g7A] loaded module [aggs-matrix-stats]
[2016-12-19T14:09:15,070][INFO ][o.e.p.PluginsService     ] [KJl1g7A] loaded module [ingest-common]
[2016-12-19T14:09:15,070][INFO ][o.e.p.PluginsService     ] [KJl1g7A] loaded module [lang-expression]
[2016-12-19T14:09:15,070][INFO ][o.e.p.PluginsService     ] [KJl1g7A] loaded module [lang-groovy]
[2016-12-19T14:09:15,071][INFO ][o.e.p.PluginsService     ] [KJl1g7A] loaded module [lang-mustache]
[2016-12-19T14:09:15,071][INFO ][o.e.p.PluginsService     ] [KJl1g7A] loaded module [lang-painless]
[2016-12-19T14:09:15,071][INFO ][o.e.p.PluginsService     ] [KJl1g7A] loaded module [percolator]
[2016-12-19T14:09:15,071][INFO ][o.e.p.PluginsService     ] [KJl1g7A] loaded module [reindex]
[2016-12-19T14:09:15,071][INFO ][o.e.p.PluginsService     ] [KJl1g7A] loaded module [transport-netty3]
[2016-12-19T14:09:15,072][INFO ][o.e.p.PluginsService     ] [KJl1g7A] loaded module [transport-netty4]
[2016-12-19T14:09:15,072][INFO ][o.e.p.PluginsService     ] [KJl1g7A] no plugins loaded
[2016-12-19T14:09:17,923][INFO ][o.e.n.Node               ] initialized
[2016-12-19T14:09:17,924][INFO ][o.e.n.Node               ] [KJl1g7A] starting ...
[2016-12-19T14:09:23,152][INFO ][o.e.t.TransportService   ] [KJl1g7A] publish_address {127.0.0.1:9300}, bound_addresses {[fe80::1]:9300}, {[::1]:9300}, {127.0.0.1:9300}
[2016-12-19T14:09:26,228][INFO ][o.e.c.s.ClusterService   ] [KJl1g7A] new_master {KJl1g7A}{KJl1g7AxQjy_QN8mon-GiQ}{t3hpbhypSAay1AsTJuICFw}{127.0.0.1}{127.0.0.1:9300}, reason: zen-disco-elected-as-master ([0] nodes joined)
[2016-12-19T14:09:26,265][INFO ][o.e.h.HttpServer         ] [KJl1g7A] publish_address {127.0.0.1:9200}, bound_addresses {[fe80::1]:9200}, {[::1]:9200}, {127.0.0.1:9200}
[2016-12-19T14:09:26,265][INFO ][o.e.n.Node               ] [KJl1g7A] started
[2016-12-19T14:09:26,635][INFO ][o.e.g.GatewayService     ] [KJl1g7A] recovered [6] indices into cluster_state
[2016-12-19T14:09:27,648][INFO ][o.e.c.r.a.AllocationService] [KJl1g7A] Cluster health status changed from [RED] to [YELLOW] (reason: [shards started [[.kibana][0]] ...]).
[2016-12-19T14:30:39,354][WARN ][r.suppressed             ] path: /data/Off_the_Tee/_bulk, params: {pretty=, index=data, type=Off_the_Tee}
com.fasterxml.jackson.core.io.JsonEOFException: Unexpected end-of-input: expected close marker for Object (start marker at [Source: org.elasticsearch.transport.netty4.ByteBufStreamInput@6f13fb88; line: 1, column: 1])
 at [Source: org.elasticsearch.transport.netty4.ByteBufStreamInput@6f13fb88; line: 1, column: 3]
	at com.fasterxml.jackson.core.base.ParserMinimalBase._reportInvalidEOF(ParserMinimalBase.java:483) ~[jackson-core-2.8.1.jar:2.8.1]
	at com.fasterxml.jackson.core.base.ParserBase._handleEOF(ParserBase.java:535) ~[jackson-core-2.8.1.jar:2.8.1]
	at com.fasterxml.jackson.core.base.ParserBase._eofAsNextChar(ParserBase.java:547) ~[jackson-core-2.8.1.jar:2.8.1]
	at com.fasterxml.jackson.core.json.UTF8StreamJsonParser._skipWSOrEnd(UTF8StreamJsonParser.java:2930) ~[jackson-core-2.8.1.jar:2.8.1]
	at com.fasterxml.jackson.core.json.UTF8StreamJsonParser.nextToken(UTF8StreamJsonParser.java:731) ~[jackson-core-2.8.1.jar:2.8.1]
	at org.elasticsearch.common.xcontent.json.JsonXContentParser.nextToken(JsonXContentParser.java:52) ~[elasticsearch-5.1.1.jar:5.1.1]
	at org.elasticsearch.action.bulk.BulkRequest.add(BulkRequest.java:300) ~[elasticsearch-5.1.1.jar:5.1.1]
	at org.elasticsearch.rest.action.document.RestBulkAction.prepareRequest(RestBulkAction.java:97) ~[elasticsearch-5.1.1.jar:5.1.1]
	at org.elasticsearch.rest.BaseRestHandler.handleRequest(BaseRestHandler.java:66) ~[elasticsearch-5.1.1.jar:5.1.1]
	at org.elasticsearch.rest.RestController.executeHandler(RestController.java:243) ~[elasticsearch-5.1.1.jar:5.1.1]
	at org.elasticsearch.rest.RestController.dispatchRequest(RestController.java:200) [elasticsearch-5.1.1.jar:5.1.1]
	at org.elasticsearch.http.HttpServer.dispatchRequest(HttpServer.java:113) [elasticsearch-5.1.1.jar:5.1.1]
	at org.elasticsearch.http.netty4.Netty4HttpServerTransport.dispatchRequest(Netty4HttpServerTransport.java:507) [transport-netty4-5.1.1.jar:5.1.1]
	at org.elasticsearch.http.netty4.Netty4HttpRequestHandler.channelRead0(Netty4HttpRequestHandler.java:69) [transport-netty4-5.1.1.jar:5.1.1]
	at io.netty.channel.SimpleChannelInboundHandler.channelRead(SimpleChannelInboundHandler.java:105) [netty-transport-4.1.6.Final.jar:4.1.6.Final]
	at io.netty.channel.AbstractChannelHandlerContext.invokeChannelRead(AbstractChannelHandlerContext.java:373) [netty-transport-4.1.6.Final.jar:4.1.6.Final]
	at io.netty.channel.AbstractChannelHandlerContext.invokeChannelRead(AbstractChannelHandlerContext.java:359) [netty-transport-4.1.6.Final.jar:4.1.6.Final]
	at io.netty.channel.AbstractChannelHandlerContext.fireChannelRead(AbstractChannelHandlerContext.java:351) [netty-transport-4.1.6.Final.jar:4.1.6.Final]
	at org.elasticsearch.http.netty4.pipelining.HttpPipeliningHandler.channelRead(HttpPipeliningHandler.java:66) [transport-netty4-5.1.1.jar:5.1.1]
	at io.netty.channel.AbstractChannelHandlerContext.invokeChannelRead(AbstractChannelHandlerContext.java:373) [netty-transport-4.1.6.Final.jar:4.1.6.Final]
	at io.netty.channel.AbstractChannelHandlerContext.invokeChannelRead(AbstractChannelHandlerContext.java:359) [netty-transport-4.1.6.Final.jar:4.1.6.Final]
	at io.netty.channel.AbstractChannelHandlerContext.fireChannelRead(AbstractChannelHandlerContext.java:351) [netty-transport-4.1.6.Final.jar:4.1.6.Final]
	at io.netty.handler.codec.MessageToMessageDecoder.channelRead(MessageToMessageDecoder.java:102) [netty-codec-4.1.6.Final.jar:4.1.6.Final]
	at io.netty.handler.codec.MessageToMessageCodec.channelRead(MessageToMessageCodec.java:111) [netty-codec-4.1.6.Final.jar:4.1.6.Final]
	at io.netty.channel.AbstractChannelHandlerContext.invokeChannelRead(AbstractChannelHandlerContext.java:373) [netty-transport-4.1.6.Final.jar:4.1.6.Final]
	at io.netty.channel.AbstractChannelHandlerContext.invokeChannelRead(AbstractChannelHandlerContext.java:359) [netty-transport-4.1.6.Final.jar:4.1.6.Final]
	at io.netty.channel.AbstractChannelHandlerContext.fireChannelRead(AbstractChannelHandlerContext.java:351) [netty-transport-4.1.6.Final.jar:4.1.6.Final]
	at io.netty.handler.codec.MessageToMessageDecoder.channelRead(MessageToMessageDecoder.java:102) [netty-codec-4.1.6.Final.jar:4.1.6.Final]
	at io.netty.channel.AbstractChannelHandlerContext.invokeChannelRead(AbstractChannelHandlerContext.java:373) [netty-transport-4.1.6.Final.jar:4.1.6.Final]
	at io.netty.channel.AbstractChannelHandlerContext.invokeChannelRead(AbstractChannelHandlerContext.java:359) [netty-transport-4.1.6.Final.jar:4.1.6.Final]
	at io.netty.channel.AbstractChannelHandlerContext.fireChannelRead(AbstractChannelHandlerContext.java:351) [netty-transport-4.1.6.Final.jar:4.1.6.Final]
	at io.netty.handler.codec.MessageToMessageDecoder.channelRead(MessageToMessageDecoder.java:102) [netty-codec-4.1.6.Final.jar:4.1.6.Final]
	at io.netty.channel.AbstractChannelHandlerContext.invokeChannelRead(AbstractChannelHandlerContext.java:373) [netty-transport-4.1.6.Final.jar:4.1.6.Final]
	at io.netty.channel.AbstractChannelHandlerContext.invokeChannelRead(AbstractChannelHandlerContext.java:359) [netty-transport-4.1.6.Final.jar:4.1.6.Final]
	at io.netty.channel.AbstractChannelHandlerContext.fireChannelRead(AbstractChannelHandlerContext.java:351) [netty-transport-4.1.6.Final.jar:4.1.6.Final]
	at io.netty.handler.codec.ByteToMessageDecoder.fireChannelRead(ByteToMessageDecoder.java:293) [netty-codec-4.1.6.Final.jar:4.1.6.Final]
	at io.netty.handler.codec.ByteToMessageDecoder.channelRead(ByteToMessageDecoder.java:267) [netty-codec-4.1.6.Final.jar:4.1.6.Final]
	at io.netty.channel.AbstractChannelHandlerContext.invokeChannelRead(AbstractChannelHandlerContext.java:373) [netty-transport-4.1.6.Final.jar:4.1.6.Final]
	at io.netty.channel.AbstractChannelHandlerContext.invokeChannelRead(AbstractChannelHandlerContext.java:359) [netty-transport-4.1.6.Final.jar:4.1.6.Final]
	at io.netty.channel.AbstractChannelHandlerContext.fireChannelRead(AbstractChannelHandlerContext.java:351) [netty-transport-4.1.6.Final.jar:4.1.6.Final]
	at io.netty.channel.ChannelInboundHandlerAdapter.channelRead(ChannelInboundHandlerAdapter.java:86) [netty-transport-4.1.6.Final.jar:4.1.6.Final]
	at io.netty.channel.AbstractChannelHandlerContext.invokeChannelRead(AbstractChannelHandlerContext.java:373) [netty-transport-4.1.6.Final.jar:4.1.6.Final]
	at io.netty.channel.AbstractChannelHandlerContext.invokeChannelRead(AbstractChannelHandlerContext.java:359) [netty-transport-4.1.6.Final.jar:4.1.6.Final]
	at io.netty.channel.AbstractChannelHandlerContext.fireChannelRead(AbstractChannelHandlerContext.java:351) [netty-transport-4.1.6.Final.jar:4.1.6.Final]
	at io.netty.channel.DefaultChannelPipeline$HeadContext.channelRead(DefaultChannelPipeline.java:1334) [netty-transport-4.1.6.Final.jar:4.1.6.Final]
	at io.netty.channel.AbstractChannelHandlerContext.invokeChannelRead(AbstractChannelHandlerContext.java:373) [netty-transport-4.1.6.Final.jar:4.1.6.Final]
	at io.netty.channel.AbstractChannelHandlerContext.invokeChannelRead(AbstractChannelHandlerContext.java:359) [netty-transport-4.1.6.Final.jar:4.1.6.Final]
	at io.netty.channel.DefaultChannelPipeline.fireChannelRead(DefaultChannelPipeline.java:926) [netty-transport-4.1.6.Final.jar:4.1.6.Final]
	at io.netty.channel.nio.AbstractNioByteChannel$NioByteUnsafe.read(AbstractNioByteChannel.java:129) [netty-transport-4.1.6.Final.jar:4.1.6.Final]
	at io.netty.channel.nio.NioEventLoop.processSelectedKey(NioEventLoop.java:651) [netty-transport-4.1.6.Final.jar:4.1.6.Final]
	at io.netty.channel.nio.NioEventLoop.processSelectedKeysPlain(NioEventLoop.java:536) [netty-transport-4.1.6.Final.jar:4.1.6.Final]
	at io.netty.channel.nio.NioEventLoop.processSelectedKeys(NioEventLoop.java:490) [netty-transport-4.1.6.Final.jar:4.1.6.Final]
	at io.netty.channel.nio.NioEventLoop.run(NioEventLoop.java:450) [netty-transport-4.1.6.Final.jar:4.1.6.Final]
	at io.netty.util.concurrent.SingleThreadEventExecutor$5.run(SingleThreadEventExecutor.java:873) [netty-common-4.1.6.Final.jar:4.1.6.Final]
	at java.lang.Thread.run(Thread.java:745) [?:1.8.0_111]
[2016-12-19T14:31:15,317][WARN ][r.suppressed             ] path: /data/Off_the_Tee/_bulk, params: {pretty=, index=data, type=Off_the_Tee}
com.fasterxml.jackson.core.io.JsonEOFException: Unexpected end-of-input: expected close marker for Object (start marker at [Source: org.elasticsearch.transport.netty4.ByteBufStreamInput@77aa6610; line: 1, column: 1])
 at [Source: org.elasticsearch.transport.netty4.ByteBufStreamInput@77aa6610; line: 1, column: 3]
	at com.fasterxml.jackson.core.base.ParserMinimalBase._reportInvalidEOF(ParserMinimalBase.java:483) ~[jackson-core-2.8.1.jar:2.8.1]
	at com.fasterxml.jackson.core.base.ParserBase._handleEOF(ParserBase.java:535) ~[jackson-core-2.8.1.jar:2.8.1]
	at com.fasterxml.jackson.core.base.ParserBase._eofAsNextChar(ParserBase.java:547) ~[jackson-core-2.8.1.jar:2.8.1]
	at com.fasterxml.jackson.core.json.UTF8StreamJsonParser._skipWSOrEnd(UTF8StreamJsonParser.java:2930) ~[jackson-core-2.8.1.jar:2.8.1]
	at com.fasterxml.jackson.core.json.UTF8StreamJsonParser.nextToken(UTF8StreamJsonParser.java:731) ~[jackson-core-2.8.1.jar:2.8.1]
	at org.elasticsearch.common.xcontent.json.JsonXContentParser.nextToken(JsonXContentParser.java:52) ~[elasticsearch-5.1.1.jar:5.1.1]
	at org.elasticsearch.action.bulk.BulkRequest.add(BulkRequest.java:300) ~[elasticsearch-5.1.1.jar:5.1.1]
	at org.elasticsearch.rest.action.document.RestBulkAction.prepareRequest(RestBulkAction.java:97) ~[elasticsearch-5.1.1.jar:5.1.1]
	at org.elasticsearch.rest.BaseRestHandler.handleRequest(BaseRestHandler.java:66) ~[elasticsearch-5.1.1.jar:5.1.1]
	at org.elasticsearch.rest.RestController.executeHandler(RestController.java:243) ~[elasticsearch-5.1.1.jar:5.1.1]
	at org.elasticsearch.rest.RestController.dispatchRequest(RestController.java:200) [elasticsearch-5.1.1.jar:5.1.1]
	at org.elasticsearch.http.HttpServer.dispatchRequest(HttpServer.java:113) [elasticsearch-5.1.1.jar:5.1.1]
	at org.elasticsearch.http.netty4.Netty4HttpServerTransport.dispatchRequest(Netty4HttpServerTransport.java:507) [transport-netty4-5.1.1.jar:5.1.1]
	at org.elasticsearch.http.netty4.Netty4HttpRequestHandler.channelRead0(Netty4HttpRequestHandler.java:69) [transport-netty4-5.1.1.jar:5.1.1]
	at io.netty.channel.SimpleChannelInboundHandler.channelRead(SimpleChannelInboundHandler.java:105) [netty-transport-4.1.6.Final.jar:4.1.6.Final]
	at io.netty.channel.AbstractChannelHandlerContext.invokeChannelRead(AbstractChannelHandlerContext.java:373) [netty-transport-4.1.6.Final.jar:4.1.6.Final]
	at io.netty.channel.AbstractChannelHandlerContext.invokeChannelRead(AbstractChannelHandlerContext.java:359) [netty-transport-4.1.6.Final.jar:4.1.6.Final]
	at io.netty.channel.AbstractChannelHandlerContext.fireChannelRead(AbstractChannelHandlerContext.java:351) [netty-transport-4.1.6.Final.jar:4.1.6.Final]
	at org.elasticsearch.http.netty4.pipelining.HttpPipeliningHandler.channelRead(HttpPipeliningHandler.java:66) [transport-netty4-5.1.1.jar:5.1.1]
	at io.netty.channel.AbstractChannelHandlerContext.invokeChannelRead(AbstractChannelHandlerContext.java:373) [netty-transport-4.1.6.Final.jar:4.1.6.Final]
	at io.netty.channel.AbstractChannelHandlerContext.invokeChannelRead(AbstractChannelHandlerContext.java:359) [netty-transport-4.1.6.Final.jar:4.1.6.Final]
	at io.netty.channel.AbstractChannelHandlerContext.fireChannelRead(AbstractChannelHandlerContext.java:351) [netty-transport-4.1.6.Final.jar:4.1.6.Final]
	at io.netty.handler.codec.MessageToMessageDecoder.channelRead(MessageToMessageDecoder.java:102) [netty-codec-4.1.6.Final.jar:4.1.6.Final]
	at io.netty.handler.codec.MessageToMessageCodec.channelRead(MessageToMessageCodec.java:111) [netty-codec-4.1.6.Final.jar:4.1.6.Final]
	at io.netty.channel.AbstractChannelHandlerContext.invokeChannelRead(AbstractChannelHandlerContext.java:373) [netty-transport-4.1.6.Final.jar:4.1.6.Final]
	at io.netty.channel.AbstractChannelHandlerContext.invokeChannelRead(AbstractChannelHandlerContext.java:359) [netty-transport-4.1.6.Final.jar:4.1.6.Final]
	at io.netty.channel.AbstractChannelHandlerContext.fireChannelRead(AbstractChannelHandlerContext.java:351) [netty-transport-4.1.6.Final.jar:4.1.6.Final]
	at io.netty.handler.codec.MessageToMessageDecoder.channelRead(MessageToMessageDecoder.java:102) [netty-codec-4.1.6.Final.jar:4.1.6.Final]
	at io.netty.channel.AbstractChannelHandlerContext.invokeChannelRead(AbstractChannelHandlerContext.java:373) [netty-transport-4.1.6.Final.jar:4.1.6.Final]
	at io.netty.channel.AbstractChannelHandlerContext.invokeChannelRead(AbstractChannelHandlerContext.java:359) [netty-transport-4.1.6.Final.jar:4.1.6.Final]
	at io.netty.channel.AbstractChannelHandlerContext.fireChannelRead(AbstractChannelHandlerContext.java:351) [netty-transport-4.1.6.Final.jar:4.1.6.Final]
	at io.netty.handler.codec.MessageToMessageDecoder.channelRead(MessageToMessageDecoder.java:102) [netty-codec-4.1.6.Final.jar:4.1.6.Final]
	at io.netty.channel.AbstractChannelHandlerContext.invokeChannelRead(AbstractChannelHandlerContext.java:373) [netty-transport-4.1.6.Final.jar:4.1.6.Final]
	at io.netty.channel.AbstractChannelHandlerContext.invokeChannelRead(AbstractChannelHandlerContext.java:359) [netty-transport-4.1.6.Final.jar:4.1.6.Final]
	at io.netty.channel.AbstractChannelHandlerContext.fireChannelRead(AbstractChannelHandlerContext.java:351) [netty-transport-4.1.6.Final.jar:4.1.6.Final]
	at io.netty.handler.codec.ByteToMessageDecoder.fireChannelRead(ByteToMessageDecoder.java:293) [netty-codec-4.1.6.Final.jar:4.1.6.Final]
	at io.netty.handler.codec.ByteToMessageDecoder.channelRead(ByteToMessageDecoder.java:267) [netty-codec-4.1.6.Final.jar:4.1.6.Final]
	at io.netty.channel.AbstractChannelHandlerContext.invokeChannelRead(AbstractChannelHandlerContext.java:373) [netty-transport-4.1.6.Final.jar:4.1.6.Final]
	at io.netty.channel.AbstractChannelHandlerContext.invokeChannelRead(AbstractChannelHandlerContext.java:359) [netty-transport-4.1.6.Final.jar:4.1.6.Final]
	at io.netty.channel.AbstractChannelHandlerContext.fireChannelRead(AbstractChannelHandlerContext.java:351) [netty-transport-4.1.6.Final.jar:4.1.6.Final]
	at io.netty.channel.ChannelInboundHandlerAdapter.channelRead(ChannelInboundHandlerAdapter.java:86) [netty-transport-4.1.6.Final.jar:4.1.6.Final]
	at io.netty.channel.AbstractChannelHandlerContext.invokeChannelRead(AbstractChannelHandlerContext.java:373) [netty-transport-4.1.6.Final.jar:4.1.6.Final]
	at io.netty.channel.AbstractChannelHandlerContext.invokeChannelRead(AbstractChannelHandlerContext.java:359) [netty-transport-4.1.6.Final.jar:4.1.6.Final]
	at io.netty.channel.AbstractChannelHandlerContext.fireChannelRead(AbstractChannelHandlerContext.java:351) [netty-transport-4.1.6.Final.jar:4.1.6.Final]
	at io.netty.channel.DefaultChannelPipeline$HeadContext.channelRead(DefaultChannelPipeline.java:1334) [netty-transport-4.1.6.Final.jar:4.1.6.Final]
	at io.netty.channel.AbstractChannelHandlerContext.invokeChannelRead(AbstractChannelHandlerContext.java:373) [netty-transport-4.1.6.Final.jar:4.1.6.Final]
	at io.netty.channel.AbstractChannelHandlerContext.invokeChannelRead(AbstractChannelHandlerContext.java:359) [netty-transport-4.1.6.Final.jar:4.1.6.Final]
	at io.netty.channel.DefaultChannelPipeline.fireChannelRead(DefaultChannelPipeline.java:926) [netty-transport-4.1.6.Final.jar:4.1.6.Final]
	at io.netty.channel.nio.AbstractNioByteChannel$NioByteUnsafe.read(AbstractNioByteChannel.java:129) [netty-transport-4.1.6.Final.jar:4.1.6.Final]
	at io.netty.channel.nio.NioEventLoop.processSelectedKey(NioEventLoop.java:651) [netty-transport-4.1.6.Final.jar:4.1.6.Final]
	at io.netty.channel.nio.NioEventLoop.processSelectedKeysPlain(NioEventLoop.java:536) [netty-transport-4.1.6.Final.jar:4.1.6.Final]
	at io.netty.channel.nio.NioEventLoop.processSelectedKeys(NioEventLoop.java:490) [netty-transport-4.1.6.Final.jar:4.1.6.Final]
	at io.netty.channel.nio.NioEventLoop.run(NioEventLoop.java:450) [netty-transport-4.1.6.Final.jar:4.1.6.Final]
	at io.netty.util.concurrent.SingleThreadEventExecutor$5.run(SingleThreadEventExecutor.java:873) [netty-common-4.1.6.Final.jar:4.1.6.Final]
	at java.lang.Thread.run(Thread.java:745) [?:1.8.0_111]
[2016-12-19T14:32:34,402][WARN ][r.suppressed             ] path: /data/Off_the_Tee/_bulk, params: {pretty=, index=data, type=Off_the_Tee}
com.fasterxml.jackson.core.io.JsonEOFException: Unexpected end-of-input: expected close marker for Object (start marker at [Source: org.elasticsearch.transport.netty4.ByteBufStreamInput@6ddbf030; line: 1, column: 1])
 at [Source: org.elasticsearch.transport.netty4.ByteBufStreamInput@6ddbf030; line: 1, column: 3]
	at com.fasterxml.jackson.core.base.ParserMinimalBase._reportInvalidEOF(ParserMinimalBase.java:483) ~[jackson-core-2.8.1.jar:2.8.1]
	at com.fasterxml.jackson.core.base.ParserBase._handleEOF(ParserBase.java:535) ~[jackson-core-2.8.1.jar:2.8.1]
	at com.fasterxml.jackson.core.base.ParserBase._eofAsNextChar(ParserBase.java:547) ~[jackson-core-2.8.1.jar:2.8.1]
	at com.fasterxml.jackson.core.json.UTF8StreamJsonParser._skipWSOrEnd(UTF8StreamJsonParser.java:2930) ~[jackson-core-2.8.1.jar:2.8.1]
	at com.fasterxml.jackson.core.json.UTF8StreamJsonParser.nextToken(UTF8StreamJsonParser.java:731) ~[jackson-core-2.8.1.jar:2.8.1]
	at org.elasticsearch.common.xcontent.json.JsonXContentParser.nextToken(JsonXContentParser.java:52) ~[elasticsearch-5.1.1.jar:5.1.1]
	at org.elasticsearch.action.bulk.BulkRequest.add(BulkRequest.java:300) ~[elasticsearch-5.1.1.jar:5.1.1]
	at org.elasticsearch.rest.action.document.RestBulkAction.prepareRequest(RestBulkAction.java:97) ~[elasticsearch-5.1.1.jar:5.1.1]
	at org.elasticsearch.rest.BaseRestHandler.handleRequest(BaseRestHandler.java:66) ~[elasticsearch-5.1.1.jar:5.1.1]
	at org.elasticsearch.rest.RestController.executeHandler(RestController.java:243) ~[elasticsearch-5.1.1.jar:5.1.1]
	at org.elasticsearch.rest.RestController.dispatchRequest(RestController.java:200) [elasticsearch-5.1.1.jar:5.1.1]
	at org.elasticsearch.http.HttpServer.dispatchRequest(HttpServer.java:113) [elasticsearch-5.1.1.jar:5.1.1]
	at org.elasticsearch.http.netty4.Netty4HttpServerTransport.dispatchRequest(Netty4HttpServerTransport.java:507) [transport-netty4-5.1.1.jar:5.1.1]
	at org.elasticsearch.http.netty4.Netty4HttpRequestHandler.channelRead0(Netty4HttpRequestHandler.java:69) [transport-netty4-5.1.1.jar:5.1.1]
	at io.netty.channel.SimpleChannelInboundHandler.channelRead(SimpleChannelInboundHandler.java:105) [netty-transport-4.1.6.Final.jar:4.1.6.Final]
	at io.netty.channel.AbstractChannelHandlerContext.invokeChannelRead(AbstractChannelHandlerContext.java:373) [netty-transport-4.1.6.Final.jar:4.1.6.Final]
	at io.netty.channel.AbstractChannelHandlerContext.invokeChannelRead(AbstractChannelHandlerContext.java:359) [netty-transport-4.1.6.Final.jar:4.1.6.Final]
	at io.netty.channel.AbstractChannelHandlerContext.fireChannelRead(AbstractChannelHandlerContext.java:351) [netty-transport-4.1.6.Final.jar:4.1.6.Final]
	at org.elasticsearch.http.netty4.pipelining.HttpPipeliningHandler.channelRead(HttpPipeliningHandler.java:66) [transport-netty4-5.1.1.jar:5.1.1]
	at io.netty.channel.AbstractChannelHandlerContext.invokeChannelRead(AbstractChannelHandlerContext.java:373) [netty-transport-4.1.6.Final.jar:4.1.6.Final]
	at io.netty.channel.AbstractChannelHandlerContext.invokeChannelRead(AbstractChannelHandlerContext.java:359) [netty-transport-4.1.6.Final.jar:4.1.6.Final]
	at io.netty.channel.AbstractChannelHandlerContext.fireChannelRead(AbstractChannelHandlerContext.java:351) [netty-transport-4.1.6.Final.jar:4.1.6.Final]
	at io.netty.handler.codec.MessageToMessageDecoder.channelRead(MessageToMessageDecoder.java:102) [netty-codec-4.1.6.Final.jar:4.1.6.Final]
	at io.netty.handler.codec.MessageToMessageCodec.channelRead(MessageToMessageCodec.java:111) [netty-codec-4.1.6.Final.jar:4.1.6.Final]
	at io.netty.channel.AbstractChannelHandlerContext.invokeChannelRead(AbstractChannelHandlerContext.java:373) [netty-transport-4.1.6.Final.jar:4.1.6.Final]
	at io.netty.channel.AbstractChannelHandlerContext.invokeChannelRead(AbstractChannelHandlerContext.java:359) [netty-transport-4.1.6.Final.jar:4.1.6.Final]
	at io.netty.channel.AbstractChannelHandlerContext.fireChannelRead(AbstractChannelHandlerContext.java:351) [netty-transport-4.1.6.Final.jar:4.1.6.Final]
	at io.netty.handler.codec.MessageToMessageDecoder.channelRead(MessageToMessageDecoder.java:102) [netty-codec-4.1.6.Final.jar:4.1.6.Final]
	at io.netty.channel.AbstractChannelHandlerContext.invokeChannelRead(AbstractChannelHandlerContext.java:373) [netty-transport-4.1.6.Final.jar:4.1.6.Final]
	at io.netty.channel.AbstractChannelHandlerContext.invokeChannelRead(AbstractChannelHandlerContext.java:359) [netty-transport-4.1.6.Final.jar:4.1.6.Final]
	at io.netty.channel.AbstractChannelHandlerContext.fireChannelRead(AbstractChannelHandlerContext.java:351) [netty-transport-4.1.6.Final.jar:4.1.6.Final]
	at io.netty.handler.codec.MessageToMessageDecoder.channelRead(MessageToMessageDecoder.java:102) [netty-codec-4.1.6.Final.jar:4.1.6.Final]
	at io.netty.channel.AbstractChannelHandlerContext.invokeChannelRead(AbstractChannelHandlerContext.java:373) [netty-transport-4.1.6.Final.jar:4.1.6.Final]
	at io.netty.channel.AbstractChannelHandlerContext.invokeChannelRead(AbstractChannelHandlerContext.java:359) [netty-transport-4.1.6.Final.jar:4.1.6.Final]
	at io.netty.channel.AbstractChannelHandlerContext.fireChannelRead(AbstractChannelHandlerContext.java:351) [netty-transport-4.1.6.Final.jar:4.1.6.Final]
	at io.netty.handler.codec.ByteToMessageDecoder.fireChannelRead(ByteToMessageDecoder.java:293) [netty-codec-4.1.6.Final.jar:4.1.6.Final]
	at io.netty.handler.codec.ByteToMessageDecoder.channelRead(ByteToMessageDecoder.java:267) [netty-codec-4.1.6.Final.jar:4.1.6.Final]
	at io.netty.channel.AbstractChannelHandlerContext.invokeChannelRead(AbstractChannelHandlerContext.java:373) [netty-transport-4.1.6.Final.jar:4.1.6.Final]
	at io.netty.channel.AbstractChannelHandlerContext.invokeChannelRead(AbstractChannelHandlerContext.java:359) [netty-transport-4.1.6.Final.jar:4.1.6.Final]
	at io.netty.channel.AbstractChannelHandlerContext.fireChannelRead(AbstractChannelHandlerContext.java:351) [netty-transport-4.1.6.Final.jar:4.1.6.Final]
	at io.netty.channel.ChannelInboundHandlerAdapter.channelRead(ChannelInboundHandlerAdapter.java:86) [netty-transport-4.1.6.Final.jar:4.1.6.Final]
	at io.netty.channel.AbstractChannelHandlerContext.invokeChannelRead(AbstractChannelHandlerContext.java:373) [netty-transport-4.1.6.Final.jar:4.1.6.Final]
	at io.netty.channel.AbstractChannelHandlerContext.invokeChannelRead(AbstractChannelHandlerContext.java:359) [netty-transport-4.1.6.Final.jar:4.1.6.Final]
	at io.netty.channel.AbstractChannelHandlerContext.fireChannelRead(AbstractChannelHandlerContext.java:351) [netty-transport-4.1.6.Final.jar:4.1.6.Final]
	at io.netty.channel.DefaultChannelPipeline$HeadContext.channelRead(DefaultChannelPipeline.java:1334) [netty-transport-4.1.6.Final.jar:4.1.6.Final]
	at io.netty.channel.AbstractChannelHandlerContext.invokeChannelRead(AbstractChannelHandlerContext.java:373) [netty-transport-4.1.6.Final.jar:4.1.6.Final]
	at io.netty.channel.AbstractChannelHandlerContext.invokeChannelRead(AbstractChannelHandlerContext.java:359) [netty-transport-4.1.6.Final.jar:4.1.6.Final]
	at io.netty.channel.DefaultChannelPipeline.fireChannelRead(DefaultChannelPipeline.java:926) [netty-transport-4.1.6.Final.jar:4.1.6.Final]
	at io.netty.channel.nio.AbstractNioByteChannel$NioByteUnsafe.read(AbstractNioByteChannel.java:129) [netty-transport-4.1.6.Final.jar:4.1.6.Final]
	at io.netty.channel.nio.NioEventLoop.processSelectedKey(NioEventLoop.java:651) [netty-transport-4.1.6.Final.jar:4.1.6.Final]
	at io.netty.channel.nio.NioEventLoop.processSelectedKeysPlain(NioEventLoop.java:536) [netty-transport-4.1.6.Final.jar:4.1.6.Final]
	at io.netty.channel.nio.NioEventLoop.processSelectedKeys(NioEventLoop.java:490) [netty-transport-4.1.6.Final.jar:4.1.6.Final]
	at io.netty.channel.nio.NioEventLoop.run(NioEventLoop.java:450) [netty-transport-4.1.6.Final.jar:4.1.6.Final]
	at io.netty.util.concurrent.SingleThreadEventExecutor$5.run(SingleThreadEventExecutor.java:873) [netty-common-4.1.6.Final.jar:4.1.6.Final]
	at java.lang.Thread.run(Thread.java:745) [?:1.8.0_111]
[2016-12-19T14:45:11,622][WARN ][r.suppressed             ] path: /data/Off_the_Tee/_bulk, params: {pretty=, index=data, type=Off_the_Tee}
com.fasterxml.jackson.core.io.JsonEOFException: Unexpected end-of-input: expected close marker for Object (start marker at [Source: org.elasticsearch.transport.netty4.ByteBufStreamInput@6ba4e8ce; line: 1, column: 1])
 at [Source: org.elasticsearch.transport.netty4.ByteBufStreamInput@6ba4e8ce; line: 1, column: 3]
	at com.fasterxml.jackson.core.base.ParserMinimalBase._reportInvalidEOF(ParserMinimalBase.java:483) ~[jackson-core-2.8.1.jar:2.8.1]
	at com.fasterxml.jackson.core.base.ParserBase._handleEOF(ParserBase.java:535) ~[jackson-core-2.8.1.jar:2.8.1]
	at com.fasterxml.jackson.core.base.ParserBase._eofAsNextChar(ParserBase.java:547) ~[jackson-core-2.8.1.jar:2.8.1]
	at com.fasterxml.jackson.core.json.UTF8StreamJsonParser._skipWSOrEnd(UTF8StreamJsonParser.java:2930) ~[jackson-core-2.8.1.jar:2.8.1]
	at com.fasterxml.jackson.core.json.UTF8StreamJsonParser.nextToken(UTF8StreamJsonParser.java:731) ~[jackson-core-2.8.1.jar:2.8.1]
	at org.elasticsearch.common.xcontent.json.JsonXContentParser.nextToken(JsonXContentParser.java:52) ~[elasticsearch-5.1.1.jar:5.1.1]
	at org.elasticsearch.action.bulk.BulkRequest.add(BulkRequest.java:300) ~[elasticsearch-5.1.1.jar:5.1.1]
	at org.elasticsearch.rest.action.document.RestBulkAction.prepareRequest(RestBulkAction.java:97) ~[elasticsearch-5.1.1.jar:5.1.1]
	at org.elasticsearch.rest.BaseRestHandler.handleRequest(BaseRestHandler.java:66) ~[elasticsearch-5.1.1.jar:5.1.1]
	at org.elasticsearch.rest.RestController.executeHandler(RestController.java:243) ~[elasticsearch-5.1.1.jar:5.1.1]
	at org.elasticsearch.rest.RestController.dispatchRequest(RestController.java:200) [elasticsearch-5.1.1.jar:5.1.1]
	at org.elasticsearch.http.HttpServer.dispatchRequest(HttpServer.java:113) [elasticsearch-5.1.1.jar:5.1.1]
	at org.elasticsearch.http.netty4.Netty4HttpServerTransport.dispatchRequest(Netty4HttpServerTransport.java:507) [transport-netty4-5.1.1.jar:5.1.1]
	at org.elasticsearch.http.netty4.Netty4HttpRequestHandler.channelRead0(Netty4HttpRequestHandler.java:69) [transport-netty4-5.1.1.jar:5.1.1]
	at io.netty.channel.SimpleChannelInboundHandler.channelRead(SimpleChannelInboundHandler.java:105) [netty-transport-4.1.6.Final.jar:4.1.6.Final]
	at io.netty.channel.AbstractChannelHandlerContext.invokeChannelRead(AbstractChannelHandlerContext.java:373) [netty-transport-4.1.6.Final.jar:4.1.6.Final]
	at io.netty.channel.AbstractChannelHandlerContext.invokeChannelRead(AbstractChannelHandlerContext.java:359) [netty-transport-4.1.6.Final.jar:4.1.6.Final]
	at io.netty.channel.AbstractChannelHandlerContext.fireChannelRead(AbstractChannelHandlerContext.java:351) [netty-transport-4.1.6.Final.jar:4.1.6.Final]
	at org.elasticsearch.http.netty4.pipelining.HttpPipeliningHandler.channelRead(HttpPipeliningHandler.java:66) [transport-netty4-5.1.1.jar:5.1.1]
	at io.netty.channel.AbstractChannelHandlerContext.invokeChannelRead(AbstractChannelHandlerContext.java:373) [netty-transport-4.1.6.Final.jar:4.1.6.Final]
	at io.netty.channel.AbstractChannelHandlerContext.invokeChannelRead(AbstractChannelHandlerContext.java:359) [netty-transport-4.1.6.Final.jar:4.1.6.Final]
	at io.netty.channel.AbstractChannelHandlerContext.fireChannelRead(AbstractChannelHandlerContext.java:351) [netty-transport-4.1.6.Final.jar:4.1.6.Final]
	at io.netty.handler.codec.MessageToMessageDecoder.channelRead(MessageToMessageDecoder.java:102) [netty-codec-4.1.6.Final.jar:4.1.6.Final]
	at io.netty.handler.codec.MessageToMessageCodec.channelRead(MessageToMessageCodec.java:111) [netty-codec-4.1.6.Final.jar:4.1.6.Final]
	at io.netty.channel.AbstractChannelHandlerContext.invokeChannelRead(AbstractChannelHandlerContext.java:373) [netty-transport-4.1.6.Final.jar:4.1.6.Final]
	at io.netty.channel.AbstractChannelHandlerContext.invokeChannelRead(AbstractChannelHandlerContext.java:359) [netty-transport-4.1.6.Final.jar:4.1.6.Final]
	at io.netty.channel.AbstractChannelHandlerContext.fireChannelRead(AbstractChannelHandlerContext.java:351) [netty-transport-4.1.6.Final.jar:4.1.6.Final]
	at io.netty.handler.codec.MessageToMessageDecoder.channelRead(MessageToMessageDecoder.java:102) [netty-codec-4.1.6.Final.jar:4.1.6.Final]
	at io.netty.channel.AbstractChannelHandlerContext.invokeChannelRead(AbstractChannelHandlerContext.java:373) [netty-transport-4.1.6.Final.jar:4.1.6.Final]
	at io.netty.channel.AbstractChannelHandlerContext.invokeChannelRead(AbstractChannelHandlerContext.java:359) [netty-transport-4.1.6.Final.jar:4.1.6.Final]
	at io.netty.channel.AbstractChannelHandlerContext.fireChannelRead(AbstractChannelHandlerContext.java:351) [netty-transport-4.1.6.Final.jar:4.1.6.Final]
	at io.netty.handler.codec.MessageToMessageDecoder.channelRead(MessageToMessageDecoder.java:102) [netty-codec-4.1.6.Final.jar:4.1.6.Final]
	at io.netty.channel.AbstractChannelHandlerContext.invokeChannelRead(AbstractChannelHandlerContext.java:373) [netty-transport-4.1.6.Final.jar:4.1.6.Final]
	at io.netty.channel.AbstractChannelHandlerContext.invokeChannelRead(AbstractChannelHandlerContext.java:359) [netty-transport-4.1.6.Final.jar:4.1.6.Final]
	at io.netty.channel.AbstractChannelHandlerContext.fireChannelRead(AbstractChannelHandlerContext.java:351) [netty-transport-4.1.6.Final.jar:4.1.6.Final]
	at io.netty.handler.codec.ByteToMessageDecoder.fireChannelRead(ByteToMessageDecoder.java:293) [netty-codec-4.1.6.Final.jar:4.1.6.Final]
	at io.netty.handler.codec.ByteToMessageDecoder.channelRead(ByteToMessageDecoder.java:267) [netty-codec-4.1.6.Final.jar:4.1.6.Final]
	at io.netty.channel.AbstractChannelHandlerContext.invokeChannelRead(AbstractChannelHandlerContext.java:373) [netty-transport-4.1.6.Final.jar:4.1.6.Final]
	at io.netty.channel.AbstractChannelHandlerContext.invokeChannelRead(AbstractChannelHandlerContext.java:359) [netty-transport-4.1.6.Final.jar:4.1.6.Final]
	at io.netty.channel.AbstractChannelHandlerContext.fireChannelRead(AbstractChannelHandlerContext.java:351) [netty-transport-4.1.6.Final.jar:4.1.6.Final]
	at io.netty.channel.ChannelInboundHandlerAdapter.channelRead(ChannelInboundHandlerAdapter.java:86) [netty-transport-4.1.6.Final.jar:4.1.6.Final]
	at io.netty.channel.AbstractChannelHandlerContext.invokeChannelRead(AbstractChannelHandlerContext.java:373) [netty-transport-4.1.6.Final.jar:4.1.6.Final]
	at io.netty.channel.AbstractChannelHandlerContext.invokeChannelRead(AbstractChannelHandlerContext.java:359) [netty-transport-4.1.6.Final.jar:4.1.6.Final]
	at io.netty.channel.AbstractChannelHandlerContext.fireChannelRead(AbstractChannelHandlerContext.java:351) [netty-transport-4.1.6.Final.jar:4.1.6.Final]
	at io.netty.channel.DefaultChannelPipeline$HeadContext.channelRead(DefaultChannelPipeline.java:1334) [netty-transport-4.1.6.Final.jar:4.1.6.Final]
	at io.netty.channel.AbstractChannelHandlerContext.invokeChannelRead(AbstractChannelHandlerContext.java:373) [netty-transport-4.1.6.Final.jar:4.1.6.Final]
	at io.netty.channel.AbstractChannelHandlerContext.invokeChannelRead(AbstractChannelHandlerContext.java:359) [netty-transport-4.1.6.Final.jar:4.1.6.Final]
	at io.netty.channel.DefaultChannelPipeline.fireChannelRead(DefaultChannelPipeline.java:926) [netty-transport-4.1.6.Final.jar:4.1.6.Final]
	at io.netty.channel.nio.AbstractNioByteChannel$NioByteUnsafe.read(AbstractNioByteChannel.java:129) [netty-transport-4.1.6.Final.jar:4.1.6.Final]
	at io.netty.channel.nio.NioEventLoop.processSelectedKey(NioEventLoop.java:651) [netty-transport-4.1.6.Final.jar:4.1.6.Final]
	at io.netty.channel.nio.NioEventLoop.processSelectedKeysPlain(NioEventLoop.java:536) [netty-transport-4.1.6.Final.jar:4.1.6.Final]
	at io.netty.channel.nio.NioEventLoop.processSelectedKeys(NioEventLoop.java:490) [netty-transport-4.1.6.Final.jar:4.1.6.Final]
	at io.netty.channel.nio.NioEventLoop.run(NioEventLoop.java:450) [netty-transport-4.1.6.Final.jar:4.1.6.Final]
	at io.netty.util.concurrent.SingleThreadEventExecutor$5.run(SingleThreadEventExecutor.java:873) [netty-common-4.1.6.Final.jar:4.1.6.Final]
	at java.lang.Thread.run(Thread.java:745) [?:1.8.0_111]
[2016-12-19T14:45:44,261][WARN ][r.suppressed             ] path: /data/Off_the_Tee/_bulk, params: {pretty=, index=data, type=Off_the_Tee}
com.fasterxml.jackson.core.io.JsonEOFException: Unexpected end-of-input: expected close marker for Object (start marker at [Source: org.elasticsearch.transport.netty4.ByteBufStreamInput@667e565f; line: 1, column: 1])
 at [Source: org.elasticsearch.transport.netty4.ByteBufStreamInput@667e565f; line: 1, column: 3]
	at com.fasterxml.jackson.core.base.ParserMinimalBase._reportInvalidEOF(ParserMinimalBase.java:483) ~[jackson-core-2.8.1.jar:2.8.1]
	at com.fasterxml.jackson.core.base.ParserBase._handleEOF(ParserBase.java:535) ~[jackson-core-2.8.1.jar:2.8.1]
	at com.fasterxml.jackson.core.base.ParserBase._eofAsNextChar(ParserBase.java:547) ~[jackson-core-2.8.1.jar:2.8.1]
	at com.fasterxml.jackson.core.json.UTF8StreamJsonParser._skipWSOrEnd(UTF8StreamJsonParser.java:2930) ~[jackson-core-2.8.1.jar:2.8.1]
	at com.fasterxml.jackson.core.json.UTF8StreamJsonParser.nextToken(UTF8StreamJsonParser.java:731) ~[jackson-core-2.8.1.jar:2.8.1]
	at org.elasticsearch.common.xcontent.json.JsonXContentParser.nextToken(JsonXContentParser.java:52) ~[elasticsearch-5.1.1.jar:5.1.1]
	at org.elasticsearch.action.bulk.BulkRequest.add(BulkRequest.java:300) ~[elasticsearch-5.1.1.jar:5.1.1]
	at org.elasticsearch.rest.action.document.RestBulkAction.prepareRequest(RestBulkAction.java:97) ~[elasticsearch-5.1.1.jar:5.1.1]
	at org.elasticsearch.rest.BaseRestHandler.handleRequest(BaseRestHandler.java:66) ~[elasticsearch-5.1.1.jar:5.1.1]
	at org.elasticsearch.rest.RestController.executeHandler(RestController.java:243) ~[elasticsearch-5.1.1.jar:5.1.1]
	at org.elasticsearch.rest.RestController.dispatchRequest(RestController.java:200) [elasticsearch-5.1.1.jar:5.1.1]
	at org.elasticsearch.http.HttpServer.dispatchRequest(HttpServer.java:113) [elasticsearch-5.1.1.jar:5.1.1]
	at org.elasticsearch.http.netty4.Netty4HttpServerTransport.dispatchRequest(Netty4HttpServerTransport.java:507) [transport-netty4-5.1.1.jar:5.1.1]
	at org.elasticsearch.http.netty4.Netty4HttpRequestHandler.channelRead0(Netty4HttpRequestHandler.java:69) [transport-netty4-5.1.1.jar:5.1.1]
	at io.netty.channel.SimpleChannelInboundHandler.channelRead(SimpleChannelInboundHandler.java:105) [netty-transport-4.1.6.Final.jar:4.1.6.Final]
	at io.netty.channel.AbstractChannelHandlerContext.invokeChannelRead(AbstractChannelHandlerContext.java:373) [netty-transport-4.1.6.Final.jar:4.1.6.Final]
	at io.netty.channel.AbstractChannelHandlerContext.invokeChannelRead(AbstractChannelHandlerContext.java:359) [netty-transport-4.1.6.Final.jar:4.1.6.Final]
	at io.netty.channel.AbstractChannelHandlerContext.fireChannelRead(AbstractChannelHandlerContext.java:351) [netty-transport-4.1.6.Final.jar:4.1.6.Final]
	at org.elasticsearch.http.netty4.pipelining.HttpPipeliningHandler.channelRead(HttpPipeliningHandler.java:66) [transport-netty4-5.1.1.jar:5.1.1]
	at io.netty.channel.AbstractChannelHandlerContext.invokeChannelRead(AbstractChannelHandlerContext.java:373) [netty-transport-4.1.6.Final.jar:4.1.6.Final]
	at io.netty.channel.AbstractChannelHandlerContext.invokeChannelRead(AbstractChannelHandlerContext.java:359) [netty-transport-4.1.6.Final.jar:4.1.6.Final]
	at io.netty.channel.AbstractChannelHandlerContext.fireChannelRead(AbstractChannelHandlerContext.java:351) [netty-transport-4.1.6.Final.jar:4.1.6.Final]
	at io.netty.handler.codec.MessageToMessageDecoder.channelRead(MessageToMessageDecoder.java:102) [netty-codec-4.1.6.Final.jar:4.1.6.Final]
	at io.netty.handler.codec.MessageToMessageCodec.channelRead(MessageToMessageCodec.java:111) [netty-codec-4.1.6.Final.jar:4.1.6.Final]
	at io.netty.channel.AbstractChannelHandlerContext.invokeChannelRead(AbstractChannelHandlerContext.java:373) [netty-transport-4.1.6.Final.jar:4.1.6.Final]
	at io.netty.channel.AbstractChannelHandlerContext.invokeChannelRead(AbstractChannelHandlerContext.java:359) [netty-transport-4.1.6.Final.jar:4.1.6.Final]
	at io.netty.channel.AbstractChannelHandlerContext.fireChannelRead(AbstractChannelHandlerContext.java:351) [netty-transport-4.1.6.Final.jar:4.1.6.Final]
	at io.netty.handler.codec.MessageToMessageDecoder.channelRead(MessageToMessageDecoder.java:102) [netty-codec-4.1.6.Final.jar:4.1.6.Final]
	at io.netty.channel.AbstractChannelHandlerContext.invokeChannelRead(AbstractChannelHandlerContext.java:373) [netty-transport-4.1.6.Final.jar:4.1.6.Final]
	at io.netty.channel.AbstractChannelHandlerContext.invokeChannelRead(AbstractChannelHandlerContext.java:359) [netty-transport-4.1.6.Final.jar:4.1.6.Final]
	at io.netty.channel.AbstractChannelHandlerContext.fireChannelRead(AbstractChannelHandlerContext.java:351) [netty-transport-4.1.6.Final.jar:4.1.6.Final]
	at io.netty.handler.codec.MessageToMessageDecoder.channelRead(MessageToMessageDecoder.java:102) [netty-codec-4.1.6.Final.jar:4.1.6.Final]
	at io.netty.channel.AbstractChannelHandlerContext.invokeChannelRead(AbstractChannelHandlerContext.java:373) [netty-transport-4.1.6.Final.jar:4.1.6.Final]
	at io.netty.channel.AbstractChannelHandlerContext.invokeChannelRead(AbstractChannelHandlerContext.java:359) [netty-transport-4.1.6.Final.jar:4.1.6.Final]
	at io.netty.channel.AbstractChannelHandlerContext.fireChannelRead(AbstractChannelHandlerContext.java:351) [netty-transport-4.1.6.Final.jar:4.1.6.Final]
	at io.netty.handler.codec.ByteToMessageDecoder.fireChannelRead(ByteToMessageDecoder.java:293) [netty-codec-4.1.6.Final.jar:4.1.6.Final]
	at io.netty.handler.codec.ByteToMessageDecoder.channelRead(ByteToMessageDecoder.java:267) [netty-codec-4.1.6.Final.jar:4.1.6.Final]
	at io.netty.channel.AbstractChannelHandlerContext.invokeChannelRead(AbstractChannelHandlerContext.java:373) [netty-transport-4.1.6.Final.jar:4.1.6.Final]
	at io.netty.channel.AbstractChannelHandlerContext.invokeChannelRead(AbstractChannelHandlerContext.java:359) [netty-transport-4.1.6.Final.jar:4.1.6.Final]
	at io.netty.channel.AbstractChannelHandlerContext.fireChannelRead(AbstractChannelHandlerContext.java:351) [netty-transport-4.1.6.Final.jar:4.1.6.Final]
	at io.netty.channel.ChannelInboundHandlerAdapter.channelRead(ChannelInboundHandlerAdapter.java:86) [netty-transport-4.1.6.Final.jar:4.1.6.Final]
	at io.netty.channel.AbstractChannelHandlerContext.invokeChannelRead(AbstractChannelHandlerContext.java:373) [netty-transport-4.1.6.Final.jar:4.1.6.Final]
	at io.netty.channel.AbstractChannelHandlerContext.invokeChannelRead(AbstractChannelHandlerContext.java:359) [netty-transport-4.1.6.Final.jar:4.1.6.Final]
	at io.netty.channel.AbstractChannelHandlerContext.fireChannelRead(AbstractChannelHandlerContext.java:351) [netty-transport-4.1.6.Final.jar:4.1.6.Final]
	at io.netty.channel.DefaultChannelPipeline$HeadContext.channelRead(DefaultChannelPipeline.java:1334) [netty-transport-4.1.6.Final.jar:4.1.6.Final]
	at io.netty.channel.AbstractChannelHandlerContext.invokeChannelRead(AbstractChannelHandlerContext.java:373) [netty-transport-4.1.6.Final.jar:4.1.6.Final]
	at io.netty.channel.AbstractChannelHandlerContext.invokeChannelRead(AbstractChannelHandlerContext.java:359) [netty-transport-4.1.6.Final.jar:4.1.6.Final]
	at io.netty.channel.DefaultChannelPipeline.fireChannelRead(DefaultChannelPipeline.java:926) [netty-transport-4.1.6.Final.jar:4.1.6.Final]
	at io.netty.channel.nio.AbstractNioByteChannel$NioByteUnsafe.read(AbstractNioByteChannel.java:129) [netty-transport-4.1.6.Final.jar:4.1.6.Final]
	at io.netty.channel.nio.NioEventLoop.processSelectedKey(NioEventLoop.java:651) [netty-transport-4.1.6.Final.jar:4.1.6.Final]
	at io.netty.channel.nio.NioEventLoop.processSelectedKeysPlain(NioEventLoop.java:536) [netty-transport-4.1.6.Final.jar:4.1.6.Final]
	at io.netty.channel.nio.NioEventLoop.processSelectedKeys(NioEventLoop.java:490) [netty-transport-4.1.6.Final.jar:4.1.6.Final]
	at io.netty.channel.nio.NioEventLoop.run(NioEventLoop.java:450) [netty-transport-4.1.6.Final.jar:4.1.6.Final]
	at io.netty.util.concurrent.SingleThreadEventExecutor$5.run(SingleThreadEventExecutor.java:873) [netty-common-4.1.6.Final.jar:4.1.6.Final]
	at java.lang.Thread.run(Thread.java:745) [?:1.8.0_111]
[2016-12-19T14:53:19,323][WARN ][r.suppressed             ] path: /data/Off_the_Tee/_bulk, params: {pretty=, index=data, type=Off_the_Tee}
com.fasterxml.jackson.core.io.JsonEOFException: Unexpected end-of-input: expected close marker for Object (start marker at [Source: org.elasticsearch.transport.netty4.ByteBufStreamInput@4899657b; line: 1, column: 1])
 at [Source: org.elasticsearch.transport.netty4.ByteBufStreamInput@4899657b; line: 1, column: 3]
	at com.fasterxml.jackson.core.base.ParserMinimalBase._reportInvalidEOF(ParserMinimalBase.java:483) ~[jackson-core-2.8.1.jar:2.8.1]
	at com.fasterxml.jackson.core.base.ParserBase._handleEOF(ParserBase.java:535) ~[jackson-core-2.8.1.jar:2.8.1]
	at com.fasterxml.jackson.core.base.ParserBase._eofAsNextChar(ParserBase.java:547) ~[jackson-core-2.8.1.jar:2.8.1]
	at com.fasterxml.jackson.core.json.UTF8StreamJsonParser._skipWSOrEnd(UTF8StreamJsonParser.java:2930) ~[jackson-core-2.8.1.jar:2.8.1]
	at com.fasterxml.jackson.core.json.UTF8StreamJsonParser.nextToken(UTF8StreamJsonParser.java:731) ~[jackson-core-2.8.1.jar:2.8.1]
	at org.elasticsearch.common.xcontent.json.JsonXContentParser.nextToken(JsonXContentParser.java:52) ~[elasticsearch-5.1.1.jar:5.1.1]
	at org.elasticsearch.action.bulk.BulkRequest.add(BulkRequest.java:300) ~[elasticsearch-5.1.1.jar:5.1.1]
	at org.elasticsearch.rest.action.document.RestBulkAction.prepareRequest(RestBulkAction.java:97) ~[elasticsearch-5.1.1.jar:5.1.1]
	at org.elasticsearch.rest.BaseRestHandler.handleRequest(BaseRestHandler.java:66) ~[elasticsearch-5.1.1.jar:5.1.1]
	at org.elasticsearch.rest.RestController.executeHandler(RestController.java:243) ~[elasticsearch-5.1.1.jar:5.1.1]
	at org.elasticsearch.rest.RestController.dispatchRequest(RestController.java:200) [elasticsearch-5.1.1.jar:5.1.1]
	at org.elasticsearch.http.HttpServer.dispatchRequest(HttpServer.java:113) [elasticsearch-5.1.1.jar:5.1.1]
	at org.elasticsearch.http.netty4.Netty4HttpServerTransport.dispatchRequest(Netty4HttpServerTransport.java:507) [transport-netty4-5.1.1.jar:5.1.1]
	at org.elasticsearch.http.netty4.Netty4HttpRequestHandler.channelRead0(Netty4HttpRequestHandler.java:69) [transport-netty4-5.1.1.jar:5.1.1]
	at io.netty.channel.SimpleChannelInboundHandler.channelRead(SimpleChannelInboundHandler.java:105) [netty-transport-4.1.6.Final.jar:4.1.6.Final]
	at io.netty.channel.AbstractChannelHandlerContext.invokeChannelRead(AbstractChannelHandlerContext.java:373) [netty-transport-4.1.6.Final.jar:4.1.6.Final]
	at io.netty.channel.AbstractChannelHandlerContext.invokeChannelRead(AbstractChannelHandlerContext.java:359) [netty-transport-4.1.6.Final.jar:4.1.6.Final]
	at io.netty.channel.AbstractChannelHandlerContext.fireChannelRead(AbstractChannelHandlerContext.java:351) [netty-transport-4.1.6.Final.jar:4.1.6.Final]
	at org.elasticsearch.http.netty4.pipelining.HttpPipeliningHandler.channelRead(HttpPipeliningHandler.java:66) [transport-netty4-5.1.1.jar:5.1.1]
	at io.netty.channel.AbstractChannelHandlerContext.invokeChannelRead(AbstractChannelHandlerContext.java:373) [netty-transport-4.1.6.Final.jar:4.1.6.Final]
	at io.netty.channel.AbstractChannelHandlerContext.invokeChannelRead(AbstractChannelHandlerContext.java:359) [netty-transport-4.1.6.Final.jar:4.1.6.Final]
	at io.netty.channel.AbstractChannelHandlerContext.fireChannelRead(AbstractChannelHandlerContext.java:351) [netty-transport-4.1.6.Final.jar:4.1.6.Final]
	at io.netty.handler.codec.MessageToMessageDecoder.channelRead(MessageToMessageDecoder.java:102) [netty-codec-4.1.6.Final.jar:4.1.6.Final]
	at io.netty.handler.codec.MessageToMessageCodec.channelRead(MessageToMessageCodec.java:111) [netty-codec-4.1.6.Final.jar:4.1.6.Final]
	at io.netty.channel.AbstractChannelHandlerContext.invokeChannelRead(AbstractChannelHandlerContext.java:373) [netty-transport-4.1.6.Final.jar:4.1.6.Final]
	at io.netty.channel.AbstractChannelHandlerContext.invokeChannelRead(AbstractChannelHandlerContext.java:359) [netty-transport-4.1.6.Final.jar:4.1.6.Final]
	at io.netty.channel.AbstractChannelHandlerContext.fireChannelRead(AbstractChannelHandlerContext.java:351) [netty-transport-4.1.6.Final.jar:4.1.6.Final]
	at io.netty.handler.codec.MessageToMessageDecoder.channelRead(MessageToMessageDecoder.java:102) [netty-codec-4.1.6.Final.jar:4.1.6.Final]
	at io.netty.channel.AbstractChannelHandlerContext.invokeChannelRead(AbstractChannelHandlerContext.java:373) [netty-transport-4.1.6.Final.jar:4.1.6.Final]
	at io.netty.channel.AbstractChannelHandlerContext.invokeChannelRead(AbstractChannelHandlerContext.java:359) [netty-transport-4.1.6.Final.jar:4.1.6.Final]
	at io.netty.channel.AbstractChannelHandlerContext.fireChannelRead(AbstractChannelHandlerContext.java:351) [netty-transport-4.1.6.Final.jar:4.1.6.Final]
	at io.netty.handler.codec.MessageToMessageDecoder.channelRead(MessageToMessageDecoder.java:102) [netty-codec-4.1.6.Final.jar:4.1.6.Final]
	at io.netty.channel.AbstractChannelHandlerContext.invokeChannelRead(AbstractChannelHandlerContext.java:373) [netty-transport-4.1.6.Final.jar:4.1.6.Final]
	at io.netty.channel.AbstractChannelHandlerContext.invokeChannelRead(AbstractChannelHandlerContext.java:359) [netty-transport-4.1.6.Final.jar:4.1.6.Final]
	at io.netty.channel.AbstractChannelHandlerContext.fireChannelRead(AbstractChannelHandlerContext.java:351) [netty-transport-4.1.6.Final.jar:4.1.6.Final]
	at io.netty.handler.codec.ByteToMessageDecoder.fireChannelRead(ByteToMessageDecoder.java:293) [netty-codec-4.1.6.Final.jar:4.1.6.Final]
	at io.netty.handler.codec.ByteToMessageDecoder.channelRead(ByteToMessageDecoder.java:267) [netty-codec-4.1.6.Final.jar:4.1.6.Final]
	at io.netty.channel.AbstractChannelHandlerContext.invokeChannelRead(AbstractChannelHandlerContext.java:373) [netty-transport-4.1.6.Final.jar:4.1.6.Final]
	at io.netty.channel.AbstractChannelHandlerContext.invokeChannelRead(AbstractChannelHandlerContext.java:359) [netty-transport-4.1.6.Final.jar:4.1.6.Final]
	at io.netty.channel.AbstractChannelHandlerContext.fireChannelRead(AbstractChannelHandlerContext.java:351) [netty-transport-4.1.6.Final.jar:4.1.6.Final]
	at io.netty.channel.ChannelInboundHandlerAdapter.channelRead(ChannelInboundHandlerAdapter.java:86) [netty-transport-4.1.6.Final.jar:4.1.6.Final]
	at io.netty.channel.AbstractChannelHandlerContext.invokeChannelRead(AbstractChannelHandlerContext.java:373) [netty-transport-4.1.6.Final.jar:4.1.6.Final]
	at io.netty.channel.AbstractChannelHandlerContext.invokeChannelRead(AbstractChannelHandlerContext.java:359) [netty-transport-4.1.6.Final.jar:4.1.6.Final]
	at io.netty.channel.AbstractChannelHandlerContext.fireChannelRead(AbstractChannelHandlerContext.java:351) [netty-transport-4.1.6.Final.jar:4.1.6.Final]
	at io.netty.channel.DefaultChannelPipeline$HeadContext.channelRead(DefaultChannelPipeline.java:1334) [netty-transport-4.1.6.Final.jar:4.1.6.Final]
	at io.netty.channel.AbstractChannelHandlerContext.invokeChannelRead(AbstractChannelHandlerContext.java:373) [netty-transport-4.1.6.Final.jar:4.1.6.Final]
	at io.netty.channel.AbstractChannelHandlerContext.invokeChannelRead(AbstractChannelHandlerContext.java:359) [netty-transport-4.1.6.Final.jar:4.1.6.Final]
	at io.netty.channel.DefaultChannelPipeline.fireChannelRead(DefaultChannelPipeline.java:926) [netty-transport-4.1.6.Final.jar:4.1.6.Final]
	at io.netty.channel.nio.AbstractNioByteChannel$NioByteUnsafe.read(AbstractNioByteChannel.java:129) [netty-transport-4.1.6.Final.jar:4.1.6.Final]
	at io.netty.channel.nio.NioEventLoop.processSelectedKey(NioEventLoop.java:651) [netty-transport-4.1.6.Final.jar:4.1.6.Final]
	at io.netty.channel.nio.NioEventLoop.processSelectedKeysPlain(NioEventLoop.java:536) [netty-transport-4.1.6.Final.jar:4.1.6.Final]
	at io.netty.channel.nio.NioEventLoop.processSelectedKeys(NioEventLoop.java:490) [netty-transport-4.1.6.Final.jar:4.1.6.Final]
	at io.netty.channel.nio.NioEventLoop.run(NioEventLoop.java:450) [netty-transport-4.1.6.Final.jar:4.1.6.Final]
	at io.netty.util.concurrent.SingleThreadEventExecutor$5.run(SingleThreadEventExecutor.java:873) [netty-common-4.1.6.Final.jar:4.1.6.Final]
	at java.lang.Thread.run(Thread.java:745) [?:1.8.0_111]
